2023-10-23 18:56:59,548	[INFO]	(client.py:159)_bot_login	[botpy] 登录机器人账号中...
2023-10-23 18:56:59,766	[ERROR]	(http.py:73)_handle_response	[botpy] 接口请求异常，请求连接: https://api.sgroup.qq.com/users/@me, 错误代码: 401, 返回内容: {'message': 'check token failed, please retry', 'code': 11242}, trace_id:86ed0a8c40201995dc5ecf6018694d95
2023-10-23 18:59:48,757	[INFO]	(client.py:159)_bot_login	[botpy] 登录机器人账号中...
2023-10-23 18:59:49,341	[INFO]	(client.py:178)_bot_init	[botpy] 程序启动...
2023-10-23 18:59:49,341	[INFO]	(connection.py:59)multi_run	[botpy] 最大并发连接数: 1, 启动会话数: 1
2023-10-23 18:59:49,342	[INFO]	(client.py:236)bot_connect	[botpy] 会话启动中...
2023-10-23 18:59:49,351	[INFO]	(gateway.py:110)ws_connect	[botpy] 启动中...
2023-10-23 18:59:49,590	[INFO]	(gateway.py:136)ws_identify	[botpy] 鉴权中...
2023-10-23 18:59:49,693	[INFO]	(gateway.py:80)on_message	[botpy] 机器人「脆脆鲨的测试机器人-测试中」启动成功！
2023-10-23 18:59:49,694	[INFO]	(gateway.py:217)_send_heart	[botpy] 心跳维持启动...
2023-10-23 19:09:03,273	[INFO]	(client.py:159)_bot_login	[botpy] 登录机器人账号中...
2023-10-23 19:09:03,855	[INFO]	(client.py:178)_bot_init	[botpy] 程序启动...
2023-10-23 19:09:03,856	[INFO]	(connection.py:59)multi_run	[botpy] 最大并发连接数: 1, 启动会话数: 1
2023-10-23 19:09:03,856	[INFO]	(client.py:236)bot_connect	[botpy] 会话启动中...
2023-10-23 19:09:03,856	[INFO]	(gateway.py:110)ws_connect	[botpy] 启动中...
2023-10-23 19:09:04,075	[INFO]	(gateway.py:136)ws_identify	[botpy] 鉴权中...
2023-10-23 19:09:04,175	[INFO]	(gateway.py:80)on_message	[botpy] 机器人「脆脆鲨的测试机器人-测试中」启动成功！
2023-10-23 19:09:04,175	[INFO]	(gateway.py:217)_send_heart	[botpy] 心跳维持启动...
2023-10-23 19:21:32,574	[INFO]	(client.py:159)_bot_login	[botpy] 登录机器人账号中...
2023-10-23 19:21:33,123	[INFO]	(client.py:178)_bot_init	[botpy] 程序启动...
2023-10-23 19:21:33,123	[INFO]	(connection.py:59)multi_run	[botpy] 最大并发连接数: 1, 启动会话数: 1
2023-10-23 19:21:33,124	[INFO]	(client.py:236)bot_connect	[botpy] 会话启动中...
2023-10-23 19:21:33,124	[INFO]	(gateway.py:110)ws_connect	[botpy] 启动中...
2023-10-23 19:21:33,336	[INFO]	(gateway.py:136)ws_identify	[botpy] 鉴权中...
2023-10-23 19:21:33,436	[INFO]	(gateway.py:80)on_message	[botpy] 机器人「脆脆鲨的测试机器人-测试中」启动成功！
2023-10-23 19:21:33,436	[INFO]	(gateway.py:217)_send_heart	[botpy] 心跳维持启动...
2023-10-23 19:22:58,828	[INFO]	(client.py:159)_bot_login	[botpy] 登录机器人账号中...
2023-10-23 19:22:59,356	[INFO]	(client.py:178)_bot_init	[botpy] 程序启动...
2023-10-23 19:22:59,357	[INFO]	(connection.py:59)multi_run	[botpy] 最大并发连接数: 1, 启动会话数: 1
2023-10-23 19:22:59,357	[INFO]	(client.py:236)bot_connect	[botpy] 会话启动中...
2023-10-23 19:22:59,357	[INFO]	(gateway.py:110)ws_connect	[botpy] 启动中...
2023-10-23 19:22:59,554	[INFO]	(gateway.py:136)ws_identify	[botpy] 鉴权中...
2023-10-23 19:22:59,727	[INFO]	(gateway.py:80)on_message	[botpy] 机器人「脆脆鲨的测试机器人-测试中」启动成功！
2023-10-23 19:22:59,727	[INFO]	(gateway.py:217)_send_heart	[botpy] 心跳维持启动...
2023-10-23 19:23:30,404	[INFO]	(client.py:159)_bot_login	[botpy] 登录机器人账号中...
2023-10-23 19:23:31,060	[INFO]	(client.py:178)_bot_init	[botpy] 程序启动...
2023-10-23 19:23:31,060	[INFO]	(connection.py:59)multi_run	[botpy] 最大并发连接数: 1, 启动会话数: 1
2023-10-23 19:23:31,061	[INFO]	(client.py:236)bot_connect	[botpy] 会话启动中...
2023-10-23 19:23:31,061	[INFO]	(gateway.py:110)ws_connect	[botpy] 启动中...
2023-10-23 19:23:31,266	[INFO]	(gateway.py:136)ws_identify	[botpy] 鉴权中...
2023-10-23 19:23:31,371	[INFO]	(gateway.py:80)on_message	[botpy] 机器人「脆脆鲨的测试机器人-测试中」启动成功！
2023-10-23 19:23:31,371	[INFO]	(gateway.py:217)_send_heart	[botpy] 心跳维持启动...
2023-10-23 19:25:03,944	[INFO]	(client.py:159)_bot_login	[botpy] 登录机器人账号中...
2023-10-23 19:25:04,461	[INFO]	(client.py:178)_bot_init	[botpy] 程序启动...
2023-10-23 19:25:04,461	[INFO]	(connection.py:59)multi_run	[botpy] 最大并发连接数: 1, 启动会话数: 1
2023-10-23 19:25:04,461	[INFO]	(client.py:236)bot_connect	[botpy] 会话启动中...
2023-10-23 19:25:04,462	[INFO]	(gateway.py:110)ws_connect	[botpy] 启动中...
2023-10-23 19:25:04,701	[INFO]	(gateway.py:136)ws_identify	[botpy] 鉴权中...
2023-10-23 19:25:04,805	[INFO]	(gateway.py:80)on_message	[botpy] 机器人「脆脆鲨的测试机器人-测试中」启动成功！
2023-10-23 19:25:04,806	[INFO]	(gateway.py:217)_send_heart	[botpy] 心跳维持启动...
2023-10-23 19:26:32,140	[INFO]	(client.py:159)_bot_login	[botpy] 登录机器人账号中...
2023-10-23 19:26:32,633	[INFO]	(client.py:178)_bot_init	[botpy] 程序启动...
2023-10-23 19:26:32,634	[INFO]	(connection.py:59)multi_run	[botpy] 最大并发连接数: 1, 启动会话数: 1
2023-10-23 19:26:32,634	[INFO]	(client.py:236)bot_connect	[botpy] 会话启动中...
2023-10-23 19:26:32,634	[INFO]	(gateway.py:110)ws_connect	[botpy] 启动中...
2023-10-23 19:26:32,858	[INFO]	(gateway.py:136)ws_identify	[botpy] 鉴权中...
2023-10-23 19:26:32,938	[INFO]	(gateway.py:80)on_message	[botpy] 机器人「脆脆鲨的测试机器人-测试中」启动成功！
2023-10-23 19:26:32,939	[INFO]	(gateway.py:217)_send_heart	[botpy] 心跳维持启动...
2023-10-23 19:26:49,962	[INFO]	(client.py:159)_bot_login	[botpy] 登录机器人账号中...
2023-10-23 19:26:50,566	[INFO]	(client.py:178)_bot_init	[botpy] 程序启动...
2023-10-23 19:26:50,567	[INFO]	(connection.py:59)multi_run	[botpy] 最大并发连接数: 1, 启动会话数: 1
2023-10-23 19:26:50,567	[INFO]	(client.py:236)bot_connect	[botpy] 会话启动中...
2023-10-23 19:26:50,567	[INFO]	(gateway.py:110)ws_connect	[botpy] 启动中...
2023-10-23 19:26:50,775	[INFO]	(gateway.py:136)ws_identify	[botpy] 鉴权中...
2023-10-23 19:26:50,859	[INFO]	(gateway.py:80)on_message	[botpy] 机器人「脆脆鲨的测试机器人-测试中」启动成功！
2023-10-23 19:26:50,860	[INFO]	(gateway.py:217)_send_heart	[botpy] 心跳维持启动...
2023-10-23 19:27:09,258	[INFO]	(client.py:159)_bot_login	[botpy] 登录机器人账号中...
2023-10-23 19:27:09,802	[INFO]	(client.py:178)_bot_init	[botpy] 程序启动...
2023-10-23 19:27:09,802	[INFO]	(connection.py:59)multi_run	[botpy] 最大并发连接数: 1, 启动会话数: 1
2023-10-23 19:27:09,803	[INFO]	(client.py:236)bot_connect	[botpy] 会话启动中...
2023-10-23 19:27:09,803	[INFO]	(gateway.py:110)ws_connect	[botpy] 启动中...
2023-10-23 19:27:10,036	[INFO]	(gateway.py:136)ws_identify	[botpy] 鉴权中...
2023-10-23 19:27:10,113	[INFO]	(gateway.py:80)on_message	[botpy] 机器人「脆脆鲨的测试机器人-测试中」启动成功！
2023-10-23 19:27:10,114	[INFO]	(gateway.py:217)_send_heart	[botpy] 心跳维持启动...
2023-10-23 19:27:39,173	[INFO]	(client.py:159)_bot_login	[botpy] 登录机器人账号中...
2023-10-23 19:27:39,791	[INFO]	(client.py:178)_bot_init	[botpy] 程序启动...
2023-10-23 19:27:39,792	[INFO]	(connection.py:59)multi_run	[botpy] 最大并发连接数: 1, 启动会话数: 1
2023-10-23 19:27:39,792	[INFO]	(client.py:236)bot_connect	[botpy] 会话启动中...
2023-10-23 19:27:39,793	[INFO]	(gateway.py:110)ws_connect	[botpy] 启动中...
2023-10-23 19:27:39,993	[INFO]	(gateway.py:136)ws_identify	[botpy] 鉴权中...
2023-10-23 19:27:40,101	[INFO]	(gateway.py:80)on_message	[botpy] 机器人「脆脆鲨的测试机器人-测试中」启动成功！
2023-10-23 19:27:40,102	[INFO]	(gateway.py:217)_send_heart	[botpy] 心跳维持启动...
2023-10-23 19:40:07,959	[INFO]	(client.py:159)_bot_login	[botpy] 登录机器人账号中...
2023-10-23 19:40:08,534	[INFO]	(client.py:178)_bot_init	[botpy] 程序启动...
2023-10-23 19:40:08,534	[INFO]	(connection.py:59)multi_run	[botpy] 最大并发连接数: 1, 启动会话数: 1
2023-10-23 19:40:08,535	[INFO]	(client.py:236)bot_connect	[botpy] 会话启动中...
2023-10-23 19:40:08,535	[INFO]	(gateway.py:110)ws_connect	[botpy] 启动中...
2023-10-23 19:40:08,739	[INFO]	(gateway.py:136)ws_identify	[botpy] 鉴权中...
2023-10-23 19:40:08,841	[INFO]	(gateway.py:80)on_message	[botpy] 机器人「脆脆鲨的测试机器人-测试中」启动成功！
2023-10-23 19:40:08,841	[INFO]	(gateway.py:217)_send_heart	[botpy] 心跳维持启动...
